<?xml version="1.0" encoding="UTF-8"?>
<TestRun id="a757dfdf-ed7a-47e9-b9c9-bd6d5877c2df" name="lgrodriguez@JLUIS-PC 2012-05-25 14:20:29" runUser="TEAMPRO\lgrodriguez" xmlns="http://microsoft.com/schemas/VisualStudio/TeamTest/2010">
  <TestSettings name="Local" id="53110626-90bd-4512-aaa3-a4ad06b51ebd">
    <Description>These are default test settings for a local test run.</Description>
    <Deployment enabled="false" runDeploymentRoot="lgrodriguez_JLUIS-PC 2012-05-25 14_20_29">
      <DeploymentItem filename="c:\users\lgrodriguez\documents\visual studio 2010\Projects\CodeKataJuly\Code\bin\Debug\Code.dll" />
    </Deployment>
    <Execution>
      <TestTypeSpecific />
      <AgentRule name="Execution Agents">
      </AgentRule>
    </Execution>
  </TestSettings>
  <Times creation="2012-05-25T14:20:29.6615077+02:00" queuing="2012-05-25T14:20:33.0815077+02:00" start="2012-05-25T14:20:33.3485077+02:00" finish="2012-05-25T14:20:51.1625077+02:00" />
  <ResultSummary outcome="Error">
    <Counters total="5" executed="2" passed="1" error="0" failed="0" timeout="0" aborted="1" inconclusive="0" passedButRunAborted="0" notRunnable="0" notExecuted="3" disconnected="0" warning="0" completed="0" inProgress="0" pending="0" />
    <RunInfos>
      <RunInfo computerName="JLUIS-PC" outcome="Error" timestamp="2012-05-25T14:20:51.1565077+02:00">
        <Text>Test host process exited unexpectedly.</Text>
      </RunInfo>
    </RunInfos>
  </ResultSummary>
  <TestDefinitions>
    <UnitTest name="IsNotPositiveTest" storage="c:\users\lgrodriguez\documents\visual studio 2010\projects\codekatajuly\test\bin\debug\test.dll" id="c2dbdb08-80fc-88c5-78f6-ec1a05750812">
      <Execution id="7112de25-be02-489f-9967-de83561dd55e" />
      <TestMethod codeBase="c:/users/lgrodriguez/documents/visual studio 2010/Projects/CodeKataJuly/Test/bin/Debug/Test.DLL" adapterTypeName="Microsoft.VisualStudio.TestTools.TestTypes.Unit.UnitTestAdapter, Microsoft.VisualStudio.QualityTools.Tips.UnitTest.Adapter, Version=10.0.0.0, Culture=neutral, PublicKeyToken=b03f5f7f11d50a3a" className="Test.ExtensionsTest, Test, Version=1.0.0.0, Culture=neutral, PublicKeyToken=null" name="IsNotPositiveTest" />
    </UnitTest>
    <UnitTest name="IsPositiveTest" storage="c:\users\lgrodriguez\documents\visual studio 2010\projects\codekatajuly\test\bin\debug\test.dll" id="105b7569-4d67-fbec-40b7-e365da13ed81">
      <Execution id="d8973cb3-001c-4d10-b9bd-7f7965fd6573" />
      <TestMethod codeBase="c:/users/lgrodriguez/documents/visual studio 2010/Projects/CodeKataJuly/Test/bin/Debug/Test.DLL" adapterTypeName="Microsoft.VisualStudio.TestTools.TestTypes.Unit.UnitTestAdapter, Microsoft.VisualStudio.QualityTools.Tips.UnitTest.Adapter, Version=10.0.0.0, Culture=neutral, PublicKeyToken=b03f5f7f11d50a3a" className="Test.ExtensionsTest, Test, Version=1.0.0.0, Culture=neutral, PublicKeyToken=null" name="IsPositiveTest" />
    </UnitTest>
    <UnitTest name="GeneratePrimeFactorsTest" storage="c:\users\lgrodriguez\documents\visual studio 2010\projects\codekatajuly\test\bin\debug\test.dll" id="10c5413f-9c60-a4ec-9c10-950069adad65">
      <Execution id="2c8bc968-0485-4aa9-955c-7da2ffc67053" />
      <TestMethod codeBase="c:/users/lgrodriguez/documents/visual studio 2010/Projects/CodeKataJuly/Test/bin/Debug/Test.DLL" adapterTypeName="Microsoft.VisualStudio.TestTools.TestTypes.Unit.UnitTestAdapter, Microsoft.VisualStudio.QualityTools.Tips.UnitTest.Adapter, Version=10.0.0.0, Culture=neutral, PublicKeyToken=b03f5f7f11d50a3a" className="Test.PrimeFactorsTest, Test, Version=1.0.0.0, Culture=neutral, PublicKeyToken=null" name="GeneratePrimeFactorsTest" />
    </UnitTest>
    <UnitTest name="OneIsPrimeTest" storage="c:\users\lgrodriguez\documents\visual studio 2010\projects\codekatajuly\test\bin\debug\test.dll" id="9529a870-48b3-d0b5-42a6-5e9447a93a12">
      <Execution id="5db6d449-4ed1-496a-ac10-6044ab1a444b" />
      <TestMethod codeBase="c:/users/lgrodriguez/documents/visual studio 2010/Projects/CodeKataJuly/Test/bin/Debug/Test.DLL" adapterTypeName="Microsoft.VisualStudio.TestTools.TestTypes.Unit.UnitTestAdapter, Microsoft.VisualStudio.QualityTools.Tips.UnitTest.Adapter, Version=10.0.0.0, Culture=neutral, PublicKeyToken=b03f5f7f11d50a3a" className="Test.ExtensionsTest, Test, Version=1.0.0.0, Culture=neutral, PublicKeyToken=null" name="OneIsPrimeTest" />
    </UnitTest>
    <UnitTest name="TwoIsPrimeTest" storage="c:\users\lgrodriguez\documents\visual studio 2010\projects\codekatajuly\test\bin\debug\test.dll" id="69d37811-b030-7159-5b56-140a631234ad">
      <Execution id="75157c13-a0b3-472b-9b9e-8d1543034fa9" />
      <TestMethod codeBase="c:/users/lgrodriguez/documents/visual studio 2010/Projects/CodeKataJuly/Test/bin/Debug/Test.DLL" adapterTypeName="Microsoft.VisualStudio.TestTools.TestTypes.Unit.UnitTestAdapter, Microsoft.VisualStudio.QualityTools.Tips.UnitTest.Adapter, Version=10.0.0.0, Culture=neutral, PublicKeyToken=b03f5f7f11d50a3a" className="Test.ExtensionsTest, Test, Version=1.0.0.0, Culture=neutral, PublicKeyToken=null" name="TwoIsPrimeTest" />
    </UnitTest>
  </TestDefinitions>
  <TestLists>
    <TestList name="Results Not in a List" id="8c84fa94-04c1-424b-9868-57a2d4851a1d" />
    <TestList name="All Loaded Results" id="19431567-8539-422a-85d7-44ee4e166bda" />
  </TestLists>
  <TestEntries>
    <TestEntry testId="105b7569-4d67-fbec-40b7-e365da13ed81" executionId="d8973cb3-001c-4d10-b9bd-7f7965fd6573" testListId="8c84fa94-04c1-424b-9868-57a2d4851a1d" />
    <TestEntry testId="10c5413f-9c60-a4ec-9c10-950069adad65" executionId="2c8bc968-0485-4aa9-955c-7da2ffc67053" testListId="8c84fa94-04c1-424b-9868-57a2d4851a1d" />
    <TestEntry testId="69d37811-b030-7159-5b56-140a631234ad" executionId="75157c13-a0b3-472b-9b9e-8d1543034fa9" testListId="8c84fa94-04c1-424b-9868-57a2d4851a1d" />
    <TestEntry testId="9529a870-48b3-d0b5-42a6-5e9447a93a12" executionId="5db6d449-4ed1-496a-ac10-6044ab1a444b" testListId="8c84fa94-04c1-424b-9868-57a2d4851a1d" />
    <TestEntry testId="c2dbdb08-80fc-88c5-78f6-ec1a05750812" executionId="7112de25-be02-489f-9967-de83561dd55e" testListId="8c84fa94-04c1-424b-9868-57a2d4851a1d" />
  </TestEntries>
  <Results>
    <UnitTestResult executionId="d8973cb3-001c-4d10-b9bd-7f7965fd6573" testId="105b7569-4d67-fbec-40b7-e365da13ed81" testName="IsPositiveTest" computerName="JLUIS-PC" duration="00:00:00.0775036" startTime="2012-05-25T14:20:33.6005077+02:00" endTime="2012-05-25T14:20:35.4155077+02:00" testType="13cdc9d9-ddb5-4fa4-a97d-d965ccfc6d4b" outcome="Passed" testListId="8c84fa94-04c1-424b-9868-57a2d4851a1d" relativeResultsDirectory="d8973cb3-001c-4d10-b9bd-7f7965fd6573">
    </UnitTestResult>
    <UnitTestResult executionId="2c8bc968-0485-4aa9-955c-7da2ffc67053" testId="10c5413f-9c60-a4ec-9c10-950069adad65" testName="GeneratePrimeFactorsTest" computerName="JLUIS-PC" duration="00:00:15.7290000" startTime="2012-05-25T14:20:35.4335077+02:00" endTime="2012-05-25T14:20:51.1625077+02:00" testType="13cdc9d9-ddb5-4fa4-a97d-d965ccfc6d4b" outcome="Aborted" testListId="8c84fa94-04c1-424b-9868-57a2d4851a1d" relativeResultsDirectory="2c8bc968-0485-4aa9-955c-7da2ffc67053">
    </UnitTestResult>
    <UnitTestResult executionId="75157c13-a0b3-472b-9b9e-8d1543034fa9" testId="69d37811-b030-7159-5b56-140a631234ad" testName="TwoIsPrimeTest" computerName="JLUIS-PC" testType="13cdc9d9-ddb5-4fa4-a97d-d965ccfc6d4b" outcome="NotExecuted" testListId="8c84fa94-04c1-424b-9868-57a2d4851a1d" relativeResultsDirectory="75157c13-a0b3-472b-9b9e-8d1543034fa9">
    </UnitTestResult>
    <UnitTestResult executionId="5db6d449-4ed1-496a-ac10-6044ab1a444b" testId="9529a870-48b3-d0b5-42a6-5e9447a93a12" testName="OneIsPrimeTest" computerName="JLUIS-PC" testType="13cdc9d9-ddb5-4fa4-a97d-d965ccfc6d4b" outcome="NotExecuted" testListId="8c84fa94-04c1-424b-9868-57a2d4851a1d" relativeResultsDirectory="5db6d449-4ed1-496a-ac10-6044ab1a444b">
    </UnitTestResult>
    <UnitTestResult executionId="7112de25-be02-489f-9967-de83561dd55e" testId="c2dbdb08-80fc-88c5-78f6-ec1a05750812" testName="IsNotPositiveTest" computerName="JLUIS-PC" testType="13cdc9d9-ddb5-4fa4-a97d-d965ccfc6d4b" outcome="NotExecuted" testListId="8c84fa94-04c1-424b-9868-57a2d4851a1d" relativeResultsDirectory="7112de25-be02-489f-9967-de83561dd55e">
    </UnitTestResult>
  </Results>
</TestRun>