<?xml version="1.0" encoding="UTF-8"?>
<TestRun id="e62dc40e-4510-4bf6-8e9c-0d70fdc91916" name="lgrodriguez@JLUIS-PC 2012-05-25 14:34:25" runUser="TEAMPRO\lgrodriguez" xmlns="http://microsoft.com/schemas/VisualStudio/TeamTest/2010">
  <TestSettings name="Local" id="53110626-90bd-4512-aaa3-a4ad06b51ebd">
    <Description>These are default test settings for a local test run.</Description>
    <Deployment enabled="false" runDeploymentRoot="lgrodriguez_JLUIS-PC 2012-05-25 14_34_25">
      <DeploymentItem filename="c:\users\lgrodriguez\documents\visual studio 2010\Projects\CodeKataJuly\Code\bin\Debug\Code.dll" />
    </Deployment>
    <Execution>
      <TestTypeSpecific />
      <AgentRule name="Execution Agents">
      </AgentRule>
    </Execution>
  </TestSettings>
  <Times creation="2012-05-25T14:34:25.5820312+02:00" queuing="2012-05-25T14:34:26.0120742+02:00" start="2012-05-25T14:34:26.0600790+02:00" finish="2012-05-25T14:34:26.6621392+02:00" />
  <ResultSummary outcome="Completed">
    <Counters total="6" executed="6" passed="6" error="0" failed="0" timeout="0" aborted="0" inconclusive="0" passedButRunAborted="0" notRunnable="0" notExecuted="0" disconnected="0" warning="0" completed="0" inProgress="0" pending="0" />
  </ResultSummary>
  <TestDefinitions>
    <UnitTest name="OneIsPrimeTest" storage="c:\users\lgrodriguez\documents\visual studio 2010\projects\codekatajuly\test\bin\debug\test.dll" id="9529a870-48b3-d0b5-42a6-5e9447a93a12">
      <Execution id="6dca2ad6-34cd-4c5b-8551-dfad6ca18957" />
      <TestMethod codeBase="c:/users/lgrodriguez/documents/visual studio 2010/Projects/CodeKataJuly/Test/bin/Debug/Test.DLL" adapterTypeName="Microsoft.VisualStudio.TestTools.TestTypes.Unit.UnitTestAdapter, Microsoft.VisualStudio.QualityTools.Tips.UnitTest.Adapter, Version=10.0.0.0, Culture=neutral, PublicKeyToken=b03f5f7f11d50a3a" className="Test.ExtensionsTest, Test, Version=1.0.0.0, Culture=neutral, PublicKeyToken=null" name="OneIsPrimeTest" />
    </UnitTest>
    <UnitTest name="TwoIsPrimeTest" storage="c:\users\lgrodriguez\documents\visual studio 2010\projects\codekatajuly\test\bin\debug\test.dll" id="69d37811-b030-7159-5b56-140a631234ad">
      <Execution id="3600be95-7ba3-4bbb-a599-448427bd8f63" />
      <TestMethod codeBase="c:/users/lgrodriguez/documents/visual studio 2010/Projects/CodeKataJuly/Test/bin/Debug/Test.DLL" adapterTypeName="Microsoft.VisualStudio.TestTools.TestTypes.Unit.UnitTestAdapter, Microsoft.VisualStudio.QualityTools.Tips.UnitTest.Adapter, Version=10.0.0.0, Culture=neutral, PublicKeyToken=b03f5f7f11d50a3a" className="Test.ExtensionsTest, Test, Version=1.0.0.0, Culture=neutral, PublicKeyToken=null" name="TwoIsPrimeTest" />
    </UnitTest>
    <UnitTest name="IsPositiveTest" storage="c:\users\lgrodriguez\documents\visual studio 2010\projects\codekatajuly\test\bin\debug\test.dll" id="105b7569-4d67-fbec-40b7-e365da13ed81">
      <Execution id="bb9b7ca2-5b6a-4f9e-8cb4-91616e909c32" />
      <TestMethod codeBase="c:/users/lgrodriguez/documents/visual studio 2010/Projects/CodeKataJuly/Test/bin/Debug/Test.DLL" adapterTypeName="Microsoft.VisualStudio.TestTools.TestTypes.Unit.UnitTestAdapter, Microsoft.VisualStudio.QualityTools.Tips.UnitTest.Adapter, Version=10.0.0.0, Culture=neutral, PublicKeyToken=b03f5f7f11d50a3a" className="Test.ExtensionsTest, Test, Version=1.0.0.0, Culture=neutral, PublicKeyToken=null" name="IsPositiveTest" />
    </UnitTest>
    <UnitTest name="TwoDigitsGeneratePrimeFactorsTest" storage="c:\users\lgrodriguez\documents\visual studio 2010\projects\codekatajuly\test\bin\debug\test.dll" id="734e18ab-b05d-c196-04c1-9a9d11a37c55">
      <Execution id="326c32d8-7034-4a90-ba2b-8e3156f6682a" />
      <TestMethod codeBase="c:/users/lgrodriguez/documents/visual studio 2010/Projects/CodeKataJuly/Test/bin/Debug/Test.DLL" adapterTypeName="Microsoft.VisualStudio.TestTools.TestTypes.Unit.UnitTestAdapter, Microsoft.VisualStudio.QualityTools.Tips.UnitTest.Adapter, Version=10.0.0.0, Culture=neutral, PublicKeyToken=b03f5f7f11d50a3a" className="Test.PrimeFactorsTest, Test, Version=1.0.0.0, Culture=neutral, PublicKeyToken=null" name="TwoDigitsGeneratePrimeFactorsTest" />
    </UnitTest>
    <UnitTest name="SimpleNumberGeneratePrimeFactorsTest" storage="c:\users\lgrodriguez\documents\visual studio 2010\projects\codekatajuly\test\bin\debug\test.dll" id="8cf04d87-b4ff-55b3-68c9-5b139f3b2d35">
      <Execution id="8ea107ac-4436-40ad-8983-63a43376e275" />
      <TestMethod codeBase="c:/users/lgrodriguez/documents/visual studio 2010/Projects/CodeKataJuly/Test/bin/Debug/Test.DLL" adapterTypeName="Microsoft.VisualStudio.TestTools.TestTypes.Unit.UnitTestAdapter, Microsoft.VisualStudio.QualityTools.Tips.UnitTest.Adapter, Version=10.0.0.0, Culture=neutral, PublicKeyToken=b03f5f7f11d50a3a" className="Test.PrimeFactorsTest, Test, Version=1.0.0.0, Culture=neutral, PublicKeyToken=null" name="SimpleNumberGeneratePrimeFactorsTest" />
    </UnitTest>
    <UnitTest name="IsNotPositiveTest" storage="c:\users\lgrodriguez\documents\visual studio 2010\projects\codekatajuly\test\bin\debug\test.dll" id="c2dbdb08-80fc-88c5-78f6-ec1a05750812">
      <Execution id="aad1053e-d0d3-43c9-a1a0-2277a385cab5" />
      <TestMethod codeBase="c:/users/lgrodriguez/documents/visual studio 2010/Projects/CodeKataJuly/Test/bin/Debug/Test.DLL" adapterTypeName="Microsoft.VisualStudio.TestTools.TestTypes.Unit.UnitTestAdapter, Microsoft.VisualStudio.QualityTools.Tips.UnitTest.Adapter, Version=10.0.0.0, Culture=neutral, PublicKeyToken=b03f5f7f11d50a3a" className="Test.ExtensionsTest, Test, Version=1.0.0.0, Culture=neutral, PublicKeyToken=null" name="IsNotPositiveTest" />
    </UnitTest>
  </TestDefinitions>
  <TestLists>
    <TestList name="Results Not in a List" id="8c84fa94-04c1-424b-9868-57a2d4851a1d" />
    <TestList name="All Loaded Results" id="19431567-8539-422a-85d7-44ee4e166bda" />
  </TestLists>
  <TestEntries>
    <TestEntry testId="105b7569-4d67-fbec-40b7-e365da13ed81" executionId="bb9b7ca2-5b6a-4f9e-8cb4-91616e909c32" testListId="8c84fa94-04c1-424b-9868-57a2d4851a1d" />
    <TestEntry testId="69d37811-b030-7159-5b56-140a631234ad" executionId="3600be95-7ba3-4bbb-a599-448427bd8f63" testListId="8c84fa94-04c1-424b-9868-57a2d4851a1d" />
    <TestEntry testId="734e18ab-b05d-c196-04c1-9a9d11a37c55" executionId="326c32d8-7034-4a90-ba2b-8e3156f6682a" testListId="8c84fa94-04c1-424b-9868-57a2d4851a1d" />
    <TestEntry testId="8cf04d87-b4ff-55b3-68c9-5b139f3b2d35" executionId="8ea107ac-4436-40ad-8983-63a43376e275" testListId="8c84fa94-04c1-424b-9868-57a2d4851a1d" />
    <TestEntry testId="9529a870-48b3-d0b5-42a6-5e9447a93a12" executionId="6dca2ad6-34cd-4c5b-8551-dfad6ca18957" testListId="8c84fa94-04c1-424b-9868-57a2d4851a1d" />
    <TestEntry testId="c2dbdb08-80fc-88c5-78f6-ec1a05750812" executionId="aad1053e-d0d3-43c9-a1a0-2277a385cab5" testListId="8c84fa94-04c1-424b-9868-57a2d4851a1d" />
  </TestEntries>
  <Results>
    <UnitTestResult executionId="bb9b7ca2-5b6a-4f9e-8cb4-91616e909c32" testId="105b7569-4d67-fbec-40b7-e365da13ed81" testName="IsPositiveTest" computerName="JLUIS-PC" duration="00:00:00.0170018" startTime="2012-05-25T14:34:26.0700800+02:00" endTime="2012-05-25T14:34:26.5811311+02:00" testType="13cdc9d9-ddb5-4fa4-a97d-d965ccfc6d4b" outcome="Passed" testListId="8c84fa94-04c1-424b-9868-57a2d4851a1d" relativeResultsDirectory="bb9b7ca2-5b6a-4f9e-8cb4-91616e909c32">
    </UnitTestResult>
    <UnitTestResult executionId="3600be95-7ba3-4bbb-a599-448427bd8f63" testId="69d37811-b030-7159-5b56-140a631234ad" testName="TwoIsPrimeTest" computerName="JLUIS-PC" duration="00:00:00.0004374" startTime="2012-05-25T14:34:26.5891319+02:00" endTime="2012-05-25T14:34:26.5941324+02:00" testType="13cdc9d9-ddb5-4fa4-a97d-d965ccfc6d4b" outcome="Passed" testListId="8c84fa94-04c1-424b-9868-57a2d4851a1d" relativeResultsDirectory="3600be95-7ba3-4bbb-a599-448427bd8f63">
    </UnitTestResult>
    <UnitTestResult executionId="326c32d8-7034-4a90-ba2b-8e3156f6682a" testId="734e18ab-b05d-c196-04c1-9a9d11a37c55" testName="TwoDigitsGeneratePrimeFactorsTest" computerName="JLUIS-PC" duration="00:00:00.0014775" startTime="2012-05-25T14:34:26.6011331+02:00" endTime="2012-05-25T14:34:26.6051335+02:00" testType="13cdc9d9-ddb5-4fa4-a97d-d965ccfc6d4b" outcome="Passed" testListId="8c84fa94-04c1-424b-9868-57a2d4851a1d" relativeResultsDirectory="326c32d8-7034-4a90-ba2b-8e3156f6682a">
    </UnitTestResult>
    <UnitTestResult executionId="8ea107ac-4436-40ad-8983-63a43376e275" testId="8cf04d87-b4ff-55b3-68c9-5b139f3b2d35" testName="SimpleNumberGeneratePrimeFactorsTest" computerName="JLUIS-PC" duration="00:00:00.0004186" startTime="2012-05-25T14:34:26.6111341+02:00" endTime="2012-05-25T14:34:26.6141344+02:00" testType="13cdc9d9-ddb5-4fa4-a97d-d965ccfc6d4b" outcome="Passed" testListId="8c84fa94-04c1-424b-9868-57a2d4851a1d" relativeResultsDirectory="8ea107ac-4436-40ad-8983-63a43376e275">
    </UnitTestResult>
    <UnitTestResult executionId="6dca2ad6-34cd-4c5b-8551-dfad6ca18957" testId="9529a870-48b3-d0b5-42a6-5e9447a93a12" testName="OneIsPrimeTest" computerName="JLUIS-PC" duration="00:00:00.0001757" startTime="2012-05-25T14:34:26.6201350+02:00" endTime="2012-05-25T14:34:26.6231353+02:00" testType="13cdc9d9-ddb5-4fa4-a97d-d965ccfc6d4b" outcome="Passed" testListId="8c84fa94-04c1-424b-9868-57a2d4851a1d" relativeResultsDirectory="6dca2ad6-34cd-4c5b-8551-dfad6ca18957">
    </UnitTestResult>
    <UnitTestResult executionId="aad1053e-d0d3-43c9-a1a0-2277a385cab5" testId="c2dbdb08-80fc-88c5-78f6-ec1a05750812" testName="IsNotPositiveTest" computerName="JLUIS-PC" duration="00:00:00.0002001" startTime="2012-05-25T14:34:26.6291359+02:00" endTime="2012-05-25T14:34:26.6331363+02:00" testType="13cdc9d9-ddb5-4fa4-a97d-d965ccfc6d4b" outcome="Passed" testListId="8c84fa94-04c1-424b-9868-57a2d4851a1d" relativeResultsDirectory="aad1053e-d0d3-43c9-a1a0-2277a385cab5">
    </UnitTestResult>
  </Results>
</TestRun>