<?xml version="1.0" encoding="UTF-8"?>
<TestRun id="6e4113e4-38cf-4060-9239-7ccffedebe44" name="lgrodriguez@JLUIS-PC 2011-11-30 12:28:51" runUser="TEAMPRO\lgrodriguez" xmlns="http://microsoft.com/schemas/VisualStudio/TeamTest/2010">
  <TestSettings name="Local" id="5e058b59-d295-461c-8811-f255c864e834">
    <Description>These are default test settings for a local test run.</Description>
    <Deployment enabled="false" runDeploymentRoot="lgrodriguez_JLUIS-PC 2011-11-30 12_28_51">
      <DeploymentItem filename="c:\users\lgrodriguez\documents\visual studio 2010\Projects\CodeKataNovember\CodeKataNovember\bin\Debug\CodeKataNovember.exe" />
    </Deployment>
    <Execution>
      <TestTypeSpecific />
      <AgentRule name="Execution Agents">
      </AgentRule>
    </Execution>
  </TestSettings>
  <Times creation="2011-11-30T12:28:51.8520104+01:00" queuing="2011-11-30T12:28:52.8821134+01:00" start="2011-11-30T12:28:52.9781230+01:00" finish="2011-11-30T12:28:54.4152667+01:00" />
  <ResultSummary outcome="Completed">
    <Counters total="3" executed="3" passed="3" error="0" failed="0" timeout="0" aborted="0" inconclusive="0" passedButRunAborted="0" notRunnable="0" notExecuted="0" disconnected="0" warning="0" completed="0" inProgress="0" pending="0" />
  </ResultSummary>
  <TestDefinitions>
    <UnitTest name="GetPrice_One_Book" storage="c:\users\lgrodriguez\documents\visual studio 2010\projects\codekatanovember\codekatanovember_test\bin\debug\codekatanovember_test.dll" id="d0cbfbfa-2157-8259-1cf6-0b6ff5c04099">
      <Execution id="75b25d51-fb2b-4794-ae0d-90829354d957" />
      <TestMethod codeBase="c:/users/lgrodriguez/documents/visual studio 2010/Projects/CodeKataNovember/CodeKataNovember_Test/bin/Debug/CodeKataNovember_Test.DLL" adapterTypeName="Microsoft.VisualStudio.TestTools.TestTypes.Unit.UnitTestAdapter, Microsoft.VisualStudio.QualityTools.Tips.UnitTest.Adapter, Version=10.0.0.0, Culture=neutral, PublicKeyToken=b03f5f7f11d50a3a" className="CodeKataNovember_Test.BooksTest, CodeKataNovember_Test, Version=1.0.0.0, Culture=neutral, PublicKeyToken=null" name="GetPrice_One_Book" />
    </UnitTest>
    <UnitTest name="GetPrice_Three_diffent_Books" storage="c:\users\lgrodriguez\documents\visual studio 2010\projects\codekatanovember\codekatanovember_test\bin\debug\codekatanovember_test.dll" id="ff47b6a6-4796-a75e-3132-2c7dab0480f5">
      <Execution id="e529e870-19cc-4005-86ca-f5ecf8535545" />
      <TestMethod codeBase="c:/users/lgrodriguez/documents/visual studio 2010/Projects/CodeKataNovember/CodeKataNovember_Test/bin/Debug/CodeKataNovember_Test.DLL" adapterTypeName="Microsoft.VisualStudio.TestTools.TestTypes.Unit.UnitTestAdapter, Microsoft.VisualStudio.QualityTools.Tips.UnitTest.Adapter, Version=10.0.0.0, Culture=neutral, PublicKeyToken=b03f5f7f11d50a3a" className="CodeKataNovember_Test.BooksTest, CodeKataNovember_Test, Version=1.0.0.0, Culture=neutral, PublicKeyToken=null" name="GetPrice_Three_diffent_Books" />
    </UnitTest>
    <UnitTest name="GetPrice_Two_diffent_Books" storage="c:\users\lgrodriguez\documents\visual studio 2010\projects\codekatanovember\codekatanovember_test\bin\debug\codekatanovember_test.dll" id="4267a5b0-1d18-75e2-da81-cb30c2487f71">
      <Execution id="659eb896-ca30-43a0-bc09-8f5f84ac4eeb" />
      <TestMethod codeBase="c:/users/lgrodriguez/documents/visual studio 2010/Projects/CodeKataNovember/CodeKataNovember_Test/bin/Debug/CodeKataNovember_Test.DLL" adapterTypeName="Microsoft.VisualStudio.TestTools.TestTypes.Unit.UnitTestAdapter, Microsoft.VisualStudio.QualityTools.Tips.UnitTest.Adapter, Version=10.0.0.0, Culture=neutral, PublicKeyToken=b03f5f7f11d50a3a" className="CodeKataNovember_Test.BooksTest, CodeKataNovember_Test, Version=1.0.0.0, Culture=neutral, PublicKeyToken=null" name="GetPrice_Two_diffent_Books" />
    </UnitTest>
  </TestDefinitions>
  <TestLists>
    <TestList name="Results Not in a List" id="8c84fa94-04c1-424b-9868-57a2d4851a1d" />
    <TestList name="All Loaded Results" id="19431567-8539-422a-85d7-44ee4e166bda" />
  </TestLists>
  <TestEntries>
    <TestEntry testId="4267a5b0-1d18-75e2-da81-cb30c2487f71" executionId="659eb896-ca30-43a0-bc09-8f5f84ac4eeb" testListId="8c84fa94-04c1-424b-9868-57a2d4851a1d" />
    <TestEntry testId="d0cbfbfa-2157-8259-1cf6-0b6ff5c04099" executionId="75b25d51-fb2b-4794-ae0d-90829354d957" testListId="8c84fa94-04c1-424b-9868-57a2d4851a1d" />
    <TestEntry testId="ff47b6a6-4796-a75e-3132-2c7dab0480f5" executionId="e529e870-19cc-4005-86ca-f5ecf8535545" testListId="8c84fa94-04c1-424b-9868-57a2d4851a1d" />
  </TestEntries>
  <Results>
    <UnitTestResult executionId="659eb896-ca30-43a0-bc09-8f5f84ac4eeb" testId="4267a5b0-1d18-75e2-da81-cb30c2487f71" testName="GetPrice_Two_diffent_Books" computerName="JLUIS-PC" duration="00:00:00.0288918" startTime="2011-11-30T12:28:53.0291281+01:00" endTime="2011-11-30T12:28:54.2962548+01:00" testType="13cdc9d9-ddb5-4fa4-a97d-d965ccfc6d4b" outcome="Passed" testListId="8c84fa94-04c1-424b-9868-57a2d4851a1d" relativeResultsDirectory="659eb896-ca30-43a0-bc09-8f5f84ac4eeb">
    </UnitTestResult>
    <UnitTestResult executionId="75b25d51-fb2b-4794-ae0d-90829354d957" testId="d0cbfbfa-2157-8259-1cf6-0b6ff5c04099" testName="GetPrice_One_Book" computerName="JLUIS-PC" duration="00:00:00.0005858" startTime="2011-11-30T12:28:54.3082560+01:00" endTime="2011-11-30T12:28:54.3202572+01:00" testType="13cdc9d9-ddb5-4fa4-a97d-d965ccfc6d4b" outcome="Passed" testListId="8c84fa94-04c1-424b-9868-57a2d4851a1d" relativeResultsDirectory="75b25d51-fb2b-4794-ae0d-90829354d957">
    </UnitTestResult>
    <UnitTestResult executionId="e529e870-19cc-4005-86ca-f5ecf8535545" testId="ff47b6a6-4796-a75e-3132-2c7dab0480f5" testName="GetPrice_Three_diffent_Books" computerName="JLUIS-PC" duration="00:00:00.0005170" startTime="2011-11-30T12:28:54.3292581+01:00" endTime="2011-11-30T12:28:54.3412593+01:00" testType="13cdc9d9-ddb5-4fa4-a97d-d965ccfc6d4b" outcome="Passed" testListId="8c84fa94-04c1-424b-9868-57a2d4851a1d" relativeResultsDirectory="e529e870-19cc-4005-86ca-f5ecf8535545">
    </UnitTestResult>
  </Results>
</TestRun>