<?xml version="1.0" encoding="UTF-8"?>
<TestRun id="d56929e2-858b-4222-b420-57c817acca01" name="lgrodriguez@JLUIS-PC 2011-11-30 12:34:52" runUser="TEAMPRO\lgrodriguez" xmlns="http://microsoft.com/schemas/VisualStudio/TeamTest/2010">
  <TestSettings name="Local" id="5e058b59-d295-461c-8811-f255c864e834">
    <Description>These are default test settings for a local test run.</Description>
    <Deployment enabled="false" runDeploymentRoot="lgrodriguez_JLUIS-PC 2011-11-30 12_34_52">
      <DeploymentItem filename="c:\users\lgrodriguez\documents\visual studio 2010\Projects\CodeKataNovember\CodeKataNovember\bin\Debug\CodeKataNovember.exe" />
    </Deployment>
    <Execution>
      <TestTypeSpecific />
      <AgentRule name="Execution Agents">
      </AgentRule>
    </Execution>
  </TestSettings>
  <Times creation="2011-11-30T12:34:52.4790695+01:00" queuing="2011-11-30T12:34:53.4631679+01:00" start="2011-11-30T12:34:53.5571773+01:00" finish="2011-11-30T12:34:55.0313247+01:00" />
  <ResultSummary outcome="Completed">
    <Counters total="6" executed="6" passed="6" error="0" failed="0" timeout="0" aborted="0" inconclusive="0" passedButRunAborted="0" notRunnable="0" notExecuted="0" disconnected="0" warning="0" completed="0" inProgress="0" pending="0" />
  </ResultSummary>
  <TestDefinitions>
    <UnitTest name="GetPrice_Two_diffent_Books" storage="c:\users\lgrodriguez\documents\visual studio 2010\projects\codekatanovember\codekatanovember_test\bin\debug\codekatanovember_test.dll" id="4267a5b0-1d18-75e2-da81-cb30c2487f71">
      <Execution id="b4f6a0c5-3023-4fb8-9403-a3e093270866" />
      <TestMethod codeBase="c:/users/lgrodriguez/documents/visual studio 2010/Projects/CodeKataNovember/CodeKataNovember_Test/bin/Debug/CodeKataNovember_Test.DLL" adapterTypeName="Microsoft.VisualStudio.TestTools.TestTypes.Unit.UnitTestAdapter, Microsoft.VisualStudio.QualityTools.Tips.UnitTest.Adapter, Version=10.0.0.0, Culture=neutral, PublicKeyToken=b03f5f7f11d50a3a" className="CodeKataNovember_Test.BooksTest, CodeKataNovember_Test, Version=1.0.0.0, Culture=neutral, PublicKeyToken=null" name="GetPrice_Two_diffent_Books" />
    </UnitTest>
    <UnitTest name="GetPrice_One_Book" storage="c:\users\lgrodriguez\documents\visual studio 2010\projects\codekatanovember\codekatanovember_test\bin\debug\codekatanovember_test.dll" id="d0cbfbfa-2157-8259-1cf6-0b6ff5c04099">
      <Execution id="e36ae9a4-e1a0-49bb-be22-9d3da31cac32" />
      <TestMethod codeBase="c:/users/lgrodriguez/documents/visual studio 2010/Projects/CodeKataNovember/CodeKataNovember_Test/bin/Debug/CodeKataNovember_Test.DLL" adapterTypeName="Microsoft.VisualStudio.TestTools.TestTypes.Unit.UnitTestAdapter, Microsoft.VisualStudio.QualityTools.Tips.UnitTest.Adapter, Version=10.0.0.0, Culture=neutral, PublicKeyToken=b03f5f7f11d50a3a" className="CodeKataNovember_Test.BooksTest, CodeKataNovember_Test, Version=1.0.0.0, Culture=neutral, PublicKeyToken=null" name="GetPrice_One_Book" />
    </UnitTest>
    <UnitTest name="GetPrice_Four_diffent_Three_Equal_Books" storage="c:\users\lgrodriguez\documents\visual studio 2010\projects\codekatanovember\codekatanovember_test\bin\debug\codekatanovember_test.dll" id="e133ad53-9f29-30e8-1ab0-04a4505c5011">
      <Execution id="1276fa8a-c1bb-4553-bb9d-2175f02d0cb3" />
      <TestMethod codeBase="c:/users/lgrodriguez/documents/visual studio 2010/Projects/CodeKataNovember/CodeKataNovember_Test/bin/Debug/CodeKataNovember_Test.DLL" adapterTypeName="Microsoft.VisualStudio.TestTools.TestTypes.Unit.UnitTestAdapter, Microsoft.VisualStudio.QualityTools.Tips.UnitTest.Adapter, Version=10.0.0.0, Culture=neutral, PublicKeyToken=b03f5f7f11d50a3a" className="CodeKataNovember_Test.BooksTest, CodeKataNovember_Test, Version=1.0.0.0, Culture=neutral, PublicKeyToken=null" name="GetPrice_Four_diffent_Three_Equal_Books" />
    </UnitTest>
    <UnitTest name="GetPrice_Three_diffent_One_Equal_Books" storage="c:\users\lgrodriguez\documents\visual studio 2010\projects\codekatanovember\codekatanovember_test\bin\debug\codekatanovember_test.dll" id="496b2e24-28ad-4927-f275-76767bc27550">
      <Execution id="e3fadff5-e133-479b-a2e5-a49d1820ecdd" />
      <TestMethod codeBase="c:/users/lgrodriguez/documents/visual studio 2010/Projects/CodeKataNovember/CodeKataNovember_Test/bin/Debug/CodeKataNovember_Test.DLL" adapterTypeName="Microsoft.VisualStudio.TestTools.TestTypes.Unit.UnitTestAdapter, Microsoft.VisualStudio.QualityTools.Tips.UnitTest.Adapter, Version=10.0.0.0, Culture=neutral, PublicKeyToken=b03f5f7f11d50a3a" className="CodeKataNovember_Test.BooksTest, CodeKataNovember_Test, Version=1.0.0.0, Culture=neutral, PublicKeyToken=null" name="GetPrice_Three_diffent_One_Equal_Books" />
    </UnitTest>
    <UnitTest name="GetPrice_Three_diffent_Books" storage="c:\users\lgrodriguez\documents\visual studio 2010\projects\codekatanovember\codekatanovember_test\bin\debug\codekatanovember_test.dll" id="ff47b6a6-4796-a75e-3132-2c7dab0480f5">
      <Execution id="ed8f0b53-c984-4cc2-8526-70273db2aa25" />
      <TestMethod codeBase="c:/users/lgrodriguez/documents/visual studio 2010/Projects/CodeKataNovember/CodeKataNovember_Test/bin/Debug/CodeKataNovember_Test.DLL" adapterTypeName="Microsoft.VisualStudio.TestTools.TestTypes.Unit.UnitTestAdapter, Microsoft.VisualStudio.QualityTools.Tips.UnitTest.Adapter, Version=10.0.0.0, Culture=neutral, PublicKeyToken=b03f5f7f11d50a3a" className="CodeKataNovember_Test.BooksTest, CodeKataNovember_Test, Version=1.0.0.0, Culture=neutral, PublicKeyToken=null" name="GetPrice_Three_diffent_Books" />
    </UnitTest>
    <UnitTest name="GetPrice_Four_diffent_One_Equal_Books" storage="c:\users\lgrodriguez\documents\visual studio 2010\projects\codekatanovember\codekatanovember_test\bin\debug\codekatanovember_test.dll" id="9510fd6b-6f82-48cf-247e-d5d273b47e93">
      <Execution id="0e7fdb7c-e886-40ea-a7f8-0bf5297f03c6" />
      <TestMethod codeBase="c:/users/lgrodriguez/documents/visual studio 2010/Projects/CodeKataNovember/CodeKataNovember_Test/bin/Debug/CodeKataNovember_Test.DLL" adapterTypeName="Microsoft.VisualStudio.TestTools.TestTypes.Unit.UnitTestAdapter, Microsoft.VisualStudio.QualityTools.Tips.UnitTest.Adapter, Version=10.0.0.0, Culture=neutral, PublicKeyToken=b03f5f7f11d50a3a" className="CodeKataNovember_Test.BooksTest, CodeKataNovember_Test, Version=1.0.0.0, Culture=neutral, PublicKeyToken=null" name="GetPrice_Four_diffent_One_Equal_Books" />
    </UnitTest>
  </TestDefinitions>
  <TestLists>
    <TestList name="Results Not in a List" id="8c84fa94-04c1-424b-9868-57a2d4851a1d" />
    <TestList name="All Loaded Results" id="19431567-8539-422a-85d7-44ee4e166bda" />
  </TestLists>
  <TestEntries>
    <TestEntry testId="4267a5b0-1d18-75e2-da81-cb30c2487f71" executionId="b4f6a0c5-3023-4fb8-9403-a3e093270866" testListId="8c84fa94-04c1-424b-9868-57a2d4851a1d" />
    <TestEntry testId="496b2e24-28ad-4927-f275-76767bc27550" executionId="e3fadff5-e133-479b-a2e5-a49d1820ecdd" testListId="8c84fa94-04c1-424b-9868-57a2d4851a1d" />
    <TestEntry testId="9510fd6b-6f82-48cf-247e-d5d273b47e93" executionId="0e7fdb7c-e886-40ea-a7f8-0bf5297f03c6" testListId="8c84fa94-04c1-424b-9868-57a2d4851a1d" />
    <TestEntry testId="d0cbfbfa-2157-8259-1cf6-0b6ff5c04099" executionId="e36ae9a4-e1a0-49bb-be22-9d3da31cac32" testListId="8c84fa94-04c1-424b-9868-57a2d4851a1d" />
    <TestEntry testId="e133ad53-9f29-30e8-1ab0-04a4505c5011" executionId="1276fa8a-c1bb-4553-bb9d-2175f02d0cb3" testListId="8c84fa94-04c1-424b-9868-57a2d4851a1d" />
    <TestEntry testId="ff47b6a6-4796-a75e-3132-2c7dab0480f5" executionId="ed8f0b53-c984-4cc2-8526-70273db2aa25" testListId="8c84fa94-04c1-424b-9868-57a2d4851a1d" />
  </TestEntries>
  <Results>
    <UnitTestResult executionId="b4f6a0c5-3023-4fb8-9403-a3e093270866" testId="4267a5b0-1d18-75e2-da81-cb30c2487f71" testName="GetPrice_Two_diffent_Books" computerName="JLUIS-PC" duration="00:00:00.0279689" startTime="2011-11-30T12:34:53.6101826+01:00" endTime="2011-11-30T12:34:54.8283044+01:00" testType="13cdc9d9-ddb5-4fa4-a97d-d965ccfc6d4b" outcome="Passed" testListId="8c84fa94-04c1-424b-9868-57a2d4851a1d" relativeResultsDirectory="b4f6a0c5-3023-4fb8-9403-a3e093270866">
    </UnitTestResult>
    <UnitTestResult executionId="e3fadff5-e133-479b-a2e5-a49d1820ecdd" testId="496b2e24-28ad-4927-f275-76767bc27550" testName="GetPrice_Three_diffent_One_Equal_Books" computerName="JLUIS-PC" duration="00:00:00.0004024" startTime="2011-11-30T12:34:54.8443060+01:00" endTime="2011-11-30T12:34:54.8553071+01:00" testType="13cdc9d9-ddb5-4fa4-a97d-d965ccfc6d4b" outcome="Passed" testListId="8c84fa94-04c1-424b-9868-57a2d4851a1d" relativeResultsDirectory="e3fadff5-e133-479b-a2e5-a49d1820ecdd">
    </UnitTestResult>
    <UnitTestResult executionId="0e7fdb7c-e886-40ea-a7f8-0bf5297f03c6" testId="9510fd6b-6f82-48cf-247e-d5d273b47e93" testName="GetPrice_Four_diffent_One_Equal_Books" computerName="JLUIS-PC" duration="00:00:00.0003776" startTime="2011-11-30T12:34:54.8763092+01:00" endTime="2011-11-30T12:34:54.8863102+01:00" testType="13cdc9d9-ddb5-4fa4-a97d-d965ccfc6d4b" outcome="Passed" testListId="8c84fa94-04c1-424b-9868-57a2d4851a1d" relativeResultsDirectory="0e7fdb7c-e886-40ea-a7f8-0bf5297f03c6">
    </UnitTestResult>
    <UnitTestResult executionId="e36ae9a4-e1a0-49bb-be22-9d3da31cac32" testId="d0cbfbfa-2157-8259-1cf6-0b6ff5c04099" testName="GetPrice_One_Book" computerName="JLUIS-PC" duration="00:00:00.0004062" startTime="2011-11-30T12:34:54.8943110+01:00" endTime="2011-11-30T12:34:54.9043120+01:00" testType="13cdc9d9-ddb5-4fa4-a97d-d965ccfc6d4b" outcome="Passed" testListId="8c84fa94-04c1-424b-9868-57a2d4851a1d" relativeResultsDirectory="e36ae9a4-e1a0-49bb-be22-9d3da31cac32">
    </UnitTestResult>
    <UnitTestResult executionId="1276fa8a-c1bb-4553-bb9d-2175f02d0cb3" testId="e133ad53-9f29-30e8-1ab0-04a4505c5011" testName="GetPrice_Four_diffent_Three_Equal_Books" computerName="JLUIS-PC" duration="00:00:00.0004148" startTime="2011-11-30T12:34:54.9143130+01:00" endTime="2011-11-30T12:34:54.9263142+01:00" testType="13cdc9d9-ddb5-4fa4-a97d-d965ccfc6d4b" outcome="Passed" testListId="8c84fa94-04c1-424b-9868-57a2d4851a1d" relativeResultsDirectory="1276fa8a-c1bb-4553-bb9d-2175f02d0cb3">
    </UnitTestResult>
    <UnitTestResult executionId="ed8f0b53-c984-4cc2-8526-70273db2aa25" testId="ff47b6a6-4796-a75e-3132-2c7dab0480f5" testName="GetPrice_Three_diffent_Books" computerName="JLUIS-PC" duration="00:00:00.0003763" startTime="2011-11-30T12:34:54.9353151+01:00" endTime="2011-11-30T12:34:54.9463162+01:00" testType="13cdc9d9-ddb5-4fa4-a97d-d965ccfc6d4b" outcome="Passed" testListId="8c84fa94-04c1-424b-9868-57a2d4851a1d" relativeResultsDirectory="ed8f0b53-c984-4cc2-8526-70273db2aa25">
    </UnitTestResult>
  </Results>
</TestRun>