<?xml version="1.0" encoding="UTF-8"?>
<TestRun id="f00b940d-743c-4a76-b9ac-ed1540e8f94c" name="lgrodriguez@JLUIS-PC 2011-11-30 12:26:50" runUser="TEAMPRO\lgrodriguez" xmlns="http://microsoft.com/schemas/VisualStudio/TeamTest/2010">
  <TestSettings name="Local" id="5e058b59-d295-461c-8811-f255c864e834">
    <Description>These are default test settings for a local test run.</Description>
    <Deployment enabled="false" runDeploymentRoot="lgrodriguez_JLUIS-PC 2011-11-30 12_26_50">
      <DeploymentItem filename="c:\users\lgrodriguez\documents\visual studio 2010\Projects\CodeKataNovember\CodeKataNovember\bin\Debug\CodeKataNovember.exe" />
    </Deployment>
    <Execution>
      <TestTypeSpecific />
      <AgentRule name="Execution Agents">
      </AgentRule>
    </Execution>
  </TestSettings>
  <Times creation="2011-11-30T12:26:50.7739038+01:00" queuing="2011-11-30T12:26:51.8350099+01:00" start="2011-11-30T12:26:51.9150179+01:00" finish="2011-11-30T12:27:09.5707833+01:00" />
  <ResultSummary outcome="Error">
    <Counters total="2" executed="1" error="0" failed="0" timeout="0" aborted="1" inconclusive="0" passedButRunAborted="0" notRunnable="0" notExecuted="1" disconnected="0" warning="0" passed="0" completed="0" inProgress="0" pending="0" />
    <RunInfos>
      <RunInfo computerName="JLUIS-PC" outcome="Error" timestamp="2011-11-30T12:27:09.5657828+01:00">
        <Text>Test host process exited unexpectedly.</Text>
      </RunInfo>
    </RunInfos>
  </ResultSummary>
  <TestDefinitions>
    <UnitTest name="GetPrice_One_Book" storage="c:\users\lgrodriguez\documents\visual studio 2010\projects\codekatanovember\codekatanovember_test\bin\debug\codekatanovember_test.dll" id="d0cbfbfa-2157-8259-1cf6-0b6ff5c04099">
      <Execution id="a84b0729-8b53-4f9d-8460-ea2c1ad72495" />
      <TestMethod codeBase="c:/users/lgrodriguez/documents/visual studio 2010/Projects/CodeKataNovember/CodeKataNovember_Test/bin/Debug/CodeKataNovember_Test.DLL" adapterTypeName="Microsoft.VisualStudio.TestTools.TestTypes.Unit.UnitTestAdapter, Microsoft.VisualStudio.QualityTools.Tips.UnitTest.Adapter, Version=10.0.0.0, Culture=neutral, PublicKeyToken=b03f5f7f11d50a3a" className="CodeKataNovember_Test.BooksTest, CodeKataNovember_Test, Version=1.0.0.0, Culture=neutral, PublicKeyToken=null" name="GetPrice_One_Book" />
    </UnitTest>
    <UnitTest name="GetPrice_Two_diffent_Books" storage="c:\users\lgrodriguez\documents\visual studio 2010\projects\codekatanovember\codekatanovember_test\bin\debug\codekatanovember_test.dll" id="4267a5b0-1d18-75e2-da81-cb30c2487f71">
      <Execution id="e92ea909-df0b-4148-be3e-d85506e2a89f" />
      <TestMethod codeBase="c:/users/lgrodriguez/documents/visual studio 2010/Projects/CodeKataNovember/CodeKataNovember_Test/bin/Debug/CodeKataNovember_Test.DLL" adapterTypeName="Microsoft.VisualStudio.TestTools.TestTypes.Unit.UnitTestAdapter, Microsoft.VisualStudio.QualityTools.Tips.UnitTest.Adapter, Version=10.0.0.0, Culture=neutral, PublicKeyToken=b03f5f7f11d50a3a" className="CodeKataNovember_Test.BooksTest, CodeKataNovember_Test, Version=1.0.0.0, Culture=neutral, PublicKeyToken=null" name="GetPrice_Two_diffent_Books" />
    </UnitTest>
  </TestDefinitions>
  <TestLists>
    <TestList name="Results Not in a List" id="8c84fa94-04c1-424b-9868-57a2d4851a1d" />
    <TestList name="All Loaded Results" id="19431567-8539-422a-85d7-44ee4e166bda" />
  </TestLists>
  <TestEntries>
    <TestEntry testId="4267a5b0-1d18-75e2-da81-cb30c2487f71" executionId="e92ea909-df0b-4148-be3e-d85506e2a89f" testListId="8c84fa94-04c1-424b-9868-57a2d4851a1d" />
    <TestEntry testId="d0cbfbfa-2157-8259-1cf6-0b6ff5c04099" executionId="a84b0729-8b53-4f9d-8460-ea2c1ad72495" testListId="8c84fa94-04c1-424b-9868-57a2d4851a1d" />
  </TestEntries>
  <Results>
    <UnitTestResult executionId="e92ea909-df0b-4148-be3e-d85506e2a89f" testId="4267a5b0-1d18-75e2-da81-cb30c2487f71" testName="GetPrice_Two_diffent_Books" computerName="JLUIS-PC" duration="00:00:17.5997598" startTime="2011-11-30T12:26:51.9690233+01:00" endTime="2011-11-30T12:27:09.5687831+01:00" testType="13cdc9d9-ddb5-4fa4-a97d-d965ccfc6d4b" outcome="Aborted" testListId="8c84fa94-04c1-424b-9868-57a2d4851a1d" relativeResultsDirectory="e92ea909-df0b-4148-be3e-d85506e2a89f">
    </UnitTestResult>
    <UnitTestResult executionId="a84b0729-8b53-4f9d-8460-ea2c1ad72495" testId="d0cbfbfa-2157-8259-1cf6-0b6ff5c04099" testName="GetPrice_One_Book" computerName="JLUIS-PC" testType="13cdc9d9-ddb5-4fa4-a97d-d965ccfc6d4b" outcome="NotExecuted" testListId="8c84fa94-04c1-424b-9868-57a2d4851a1d" relativeResultsDirectory="a84b0729-8b53-4f9d-8460-ea2c1ad72495">
    </UnitTestResult>
  </Results>
</TestRun>