<?xml version="1.0" encoding="UTF-8"?>
<TestRun id="e137491c-bbcb-438c-9132-9361a8657670" name="lgrodriguez@JLUIS-PC 2011-11-30 10:30:19" runUser="TEAMPRO\lgrodriguez" xmlns="http://microsoft.com/schemas/VisualStudio/TeamTest/2010">
  <TestSettings name="Local" id="5e058b59-d295-461c-8811-f255c864e834">
    <Description>These are default test settings for a local test run.</Description>
    <Deployment enabled="false" runDeploymentRoot="lgrodriguez_JLUIS-PC 2011-11-30 10_30_19">
      <DeploymentItem filename="c:\users\lgrodriguez\documents\visual studio 2010\Projects\CodeKataNovember\CodeKataNovember\bin\Debug\CodeKataNovember.exe" />
    </Deployment>
    <Execution>
      <TestTypeSpecific />
      <AgentRule name="Execution Agents">
      </AgentRule>
    </Execution>
  </TestSettings>
  <Times creation="2011-11-30T10:30:19.6421159+01:00" queuing="2011-11-30T10:30:19.8581159+01:00" start="2011-11-30T10:30:19.8961159+01:00" finish="2011-11-30T11:30:30.6538927+01:00" />
  <ResultSummary outcome="Timeout">
    <Counters total="2" executed="2" error="0" failed="0" timeout="2" aborted="0" inconclusive="0" passedButRunAborted="0" notRunnable="0" notExecuted="0" disconnected="0" warning="0" passed="0" completed="0" inProgress="0" pending="0" />
  </ResultSummary>
  <TestDefinitions>
    <UnitTest name="GetPrice_One_Book" storage="c:\users\lgrodriguez\documents\visual studio 2010\projects\codekatanovember\codekatanovember_test\bin\debug\codekatanovember_test.dll" id="d0cbfbfa-2157-8259-1cf6-0b6ff5c04099">
      <Execution id="afc8c665-23f6-45ee-93fc-b6af999a69da" />
      <TestMethod codeBase="c:/users/lgrodriguez/documents/visual studio 2010/Projects/CodeKataNovember/CodeKataNovember_Test/bin/Debug/CodeKataNovember_Test.DLL" adapterTypeName="Microsoft.VisualStudio.TestTools.TestTypes.Unit.UnitTestAdapter, Microsoft.VisualStudio.QualityTools.Tips.UnitTest.Adapter, Version=10.0.0.0, Culture=neutral, PublicKeyToken=b03f5f7f11d50a3a" className="CodeKataNovember_Test.BooksTest, CodeKataNovember_Test, Version=1.0.0.0, Culture=neutral, PublicKeyToken=null" name="GetPrice_One_Book" />
    </UnitTest>
    <UnitTest name="GetPrice_Two_diffent_Books" storage="c:\users\lgrodriguez\documents\visual studio 2010\projects\codekatanovember\codekatanovember_test\bin\debug\codekatanovember_test.dll" id="4267a5b0-1d18-75e2-da81-cb30c2487f71">
      <Execution id="6fbb0739-c731-4188-a5cf-529e5e56dc51" />
      <TestMethod codeBase="c:/users/lgrodriguez/documents/visual studio 2010/Projects/CodeKataNovember/CodeKataNovember_Test/bin/Debug/CodeKataNovember_Test.DLL" adapterTypeName="Microsoft.VisualStudio.TestTools.TestTypes.Unit.UnitTestAdapter, Microsoft.VisualStudio.QualityTools.Tips.UnitTest.Adapter, Version=10.0.0.0, Culture=neutral, PublicKeyToken=b03f5f7f11d50a3a" className="CodeKataNovember_Test.BooksTest, CodeKataNovember_Test, Version=1.0.0.0, Culture=neutral, PublicKeyToken=null" name="GetPrice_Two_diffent_Books" />
    </UnitTest>
  </TestDefinitions>
  <TestLists>
    <TestList name="Results Not in a List" id="8c84fa94-04c1-424b-9868-57a2d4851a1d" />
    <TestList name="All Loaded Results" id="19431567-8539-422a-85d7-44ee4e166bda" />
  </TestLists>
  <TestEntries>
    <TestEntry testId="4267a5b0-1d18-75e2-da81-cb30c2487f71" executionId="6fbb0739-c731-4188-a5cf-529e5e56dc51" testListId="8c84fa94-04c1-424b-9868-57a2d4851a1d" />
    <TestEntry testId="d0cbfbfa-2157-8259-1cf6-0b6ff5c04099" executionId="afc8c665-23f6-45ee-93fc-b6af999a69da" testListId="8c84fa94-04c1-424b-9868-57a2d4851a1d" />
  </TestEntries>
  <Results>
    <UnitTestResult executionId="6fbb0739-c731-4188-a5cf-529e5e56dc51" testId="4267a5b0-1d18-75e2-da81-cb30c2487f71" testName="GetPrice_Two_diffent_Books" computerName="JLUIS-PC" duration="00:30:00.1537242" startTime="2011-11-30T10:30:19.9141159+01:00" endTime="2011-11-30T11:00:20.0678401+01:00" testType="13cdc9d9-ddb5-4fa4-a97d-d965ccfc6d4b" outcome="Timeout" testListId="8c84fa94-04c1-424b-9868-57a2d4851a1d" relativeResultsDirectory="6fbb0739-c731-4188-a5cf-529e5e56dc51">
      <Output>
        <ErrorInfo>
          <Message>Test 'GetPrice_Two_diffent_Books' exceeded execution timeout period.</Message>
        </ErrorInfo>
      </Output>
    </UnitTestResult>
    <UnitTestResult executionId="afc8c665-23f6-45ee-93fc-b6af999a69da" testId="d0cbfbfa-2157-8259-1cf6-0b6ff5c04099" testName="GetPrice_One_Book" computerName="JLUIS-PC" duration="00:30:00.1580820" startTime="2011-11-30T11:00:25.4283040+01:00" endTime="2011-11-30T11:30:25.5863860+01:00" testType="13cdc9d9-ddb5-4fa4-a97d-d965ccfc6d4b" outcome="Timeout" testListId="8c84fa94-04c1-424b-9868-57a2d4851a1d" relativeResultsDirectory="afc8c665-23f6-45ee-93fc-b6af999a69da">
      <Output>
        <ErrorInfo>
          <Message>Test 'GetPrice_One_Book' exceeded execution timeout period.</Message>
        </ErrorInfo>
      </Output>
    </UnitTestResult>
  </Results>
</TestRun>